<?xml version="1.0" encoding="UTF-8"?>
<!-- Generated by org.testng.reporters.JUnitReportReporter -->
<testsuite hostname="E0211935" name="pages.LoginPageTest" tests="2" failures="0" timestamp="18 May 2019 12:07:46 GMT" time="23.941" errors="0">
  <testcase name="verifyLoginToTourRader" time="11.407" classname="pages.LoginPageTest"/>
  <testcase name="verifyInvalidLogin" time="12.534" classname="pages.LoginPageTest"/>
</testsuite> <!-- pages.LoginPageTest -->
