<?xml version="1.0" encoding="UTF-8"?>
<!-- Generated by org.testng.reporters.JUnitReportReporter -->
<testsuite hostname="E0211935" name="pages.HomePageTest" tests="5" failures="0" timestamp="18 May 2019 12:07:46 GMT" time="26.742" errors="0">
  <testcase name="searchPackagesForAvailableCountries" time="3.977" classname="pages.HomePageTest"/>
  <testcase name="verifyViewTour" time="4.526" classname="pages.HomePageTest"/>
  <testcase name="verifyPackagesAreDisplayedByDeals" time="5.435" classname="pages.HomePageTest"/>
  <testcase name="verifyDepartureDates" time="3.515" classname="pages.HomePageTest"/>
  <testcase name="verifyLastMinuteDeals" time="9.289" classname="pages.HomePageTest"/>
</testsuite> <!-- pages.HomePageTest -->
